PHP Warning:  mysqli_connect(): (HY000/2002): No such file or directory in /var/www/html/public/sync/includes/functions.php on line 103
PHP Fatal error:  Uncaught TypeError: mysqli_query(): Argument #1 ($mysql) must be of type mysqli, bool given in /var/www/html/public/sync/includes/functions.php:104
Stack trace:
#0 /var/www/html/public/sync/includes/functions.php(104): mysqli_query()
#1 /var/www/html/public/sync/includes/functions.php(32): mysqlQuery()
#2 [internal function]: myErrorHandler()
#3 /var/www/html/public/sync/includes/setupLight.php(17): mysqli_connect()
#4 /var/www/html/public/api/docdoc/check.php(11): include('...')
#5 {main}
  thrown in /var/www/html/public/sync/includes/functions.php on line 104
PHP Warning:  mysqli_connect(): (HY000/2002): No such file or directory in /var/www/html/public/sync/includes/functions.php on line 103
PHP Fatal error:  Uncaught TypeError: mysqli_query(): Argument #1 ($mysql) must be of type mysqli, bool given in /var/www/html/public/sync/includes/functions.php:104
Stack trace:
#0 /var/www/html/public/sync/includes/functions.php(104): mysqli_query()
#1 /var/www/html/public/sync/includes/functions.php(32): mysqlQuery()
#2 /var/www/html/public/sync/includes/functions.php(77): myErrorHandler()
#3 [internal function]: fatal_handler()
#4 {main}
  thrown in /var/www/html/public/sync/includes/functions.php on line 104
PHP Warning:  mysqli_connect(): (HY000/2002): No such file or directory in /var/www/html/public/sync/includes/functions.php on line 103
PHP Fatal error:  Uncaught TypeError: mysqli_query(): Argument #1 ($mysql) must be of type mysqli, bool given in /var/www/html/public/sync/includes/functions.php:104
Stack trace:
#0 /var/www/html/public/sync/includes/functions.php(104): mysqli_query()
#1 /var/www/html/public/sync/includes/functions.php(32): mysqlQuery()
#2 [internal function]: myErrorHandler()
#3 /var/www/html/public/sync/includes/setupLight.php(17): mysqli_connect()
#4 /var/www/html/public/api/docdoc/check.php(11): include('...')
#5 {main}
  thrown in /var/www/html/public/sync/includes/functions.php on line 104
PHP Warning:  mysqli_connect(): (HY000/2002): No such file or directory in /var/www/html/public/sync/includes/functions.php on line 103
PHP Fatal error:  Uncaught TypeError: mysqli_query(): Argument #1 ($mysql) must be of type mysqli, bool given in /var/www/html/public/sync/includes/functions.php:104
Stack trace:
#0 /var/www/html/public/sync/includes/functions.php(104): mysqli_query()
#1 /var/www/html/public/sync/includes/functions.php(32): mysqlQuery()
#2 /var/www/html/public/sync/includes/functions.php(77): myErrorHandler()
#3 [internal function]: fatal_handler()
#4 {main}
  thrown in /var/www/html/public/sync/includes/functions.php on line 104
PHP Warning:  mysqli_connect(): (HY000/2002): No such file or directory in /var/www/html/public/sync/includes/functions.php on line 103
PHP Fatal error:  Uncaught TypeError: mysqli_query(): Argument #1 ($mysql) must be of type mysqli, bool given in /var/www/html/public/sync/includes/functions.php:104
Stack trace:
#0 /var/www/html/public/sync/includes/functions.php(104): mysqli_query()
#1 /var/www/html/public/sync/includes/functions.php(32): mysqlQuery()
#2 [internal function]: myErrorHandler()
#3 /var/www/html/public/sync/includes/setupLight.php(17): mysqli_connect()
#4 /var/www/html/public/api/docdoc/check.php(11): include('...')
#5 {main}
  thrown in /var/www/html/public/sync/includes/functions.php on line 104
PHP Warning:  mysqli_connect(): (HY000/2002): No such file or directory in /var/www/html/public/sync/includes/functions.php on line 103
PHP Fatal error:  Uncaught TypeError: mysqli_query(): Argument #1 ($mysql) must be of type mysqli, bool given in /var/www/html/public/sync/includes/functions.php:104
Stack trace:
#0 /var/www/html/public/sync/includes/functions.php(104): mysqli_query()
#1 /var/www/html/public/sync/includes/functions.php(32): mysqlQuery()
#2 /var/www/html/public/sync/includes/functions.php(77): myErrorHandler()
#3 [internal function]: fatal_handler()
#4 {main}
  thrown in /var/www/html/public/sync/includes/functions.php on line 104
PHP Warning:  mysqli_connect(): (HY000/2002): No such file or directory in /var/www/html/public/sync/includes/functions.php on line 103
PHP Fatal error:  Uncaught TypeError: mysqli_query(): Argument #1 ($mysql) must be of type mysqli, bool given in /var/www/html/public/sync/includes/functions.php:104
Stack trace:
#0 /var/www/html/public/sync/includes/functions.php(104): mysqli_query()
#1 /var/www/html/public/sync/includes/functions.php(32): mysqlQuery()
#2 [internal function]: myErrorHandler()
#3 /var/www/html/public/sync/includes/setupLight.php(17): mysqli_connect()
#4 /var/www/html/public/api/docdoc/check.php(11): include('...')
#5 {main}
  thrown in /var/www/html/public/sync/includes/functions.php on line 104
PHP Warning:  mysqli_connect(): (HY000/2002): No such file or directory in /var/www/html/public/sync/includes/functions.php on line 103
PHP Fatal error:  Uncaught TypeError: mysqli_query(): Argument #1 ($mysql) must be of type mysqli, bool given in /var/www/html/public/sync/includes/functions.php:104
Stack trace:
#0 /var/www/html/public/sync/includes/functions.php(104): mysqli_query()
#1 /var/www/html/public/sync/includes/functions.php(32): mysqlQuery()
#2 /var/www/html/public/sync/includes/functions.php(77): myErrorHandler()
#3 [internal function]: fatal_handler()
#4 {main}
  thrown in /var/www/html/public/sync/includes/functions.php on line 104
